<!DOCTYPE html>

<html>
  <head>
  <meta charset='utf-8'>
  <title>TestNG reports</title>

    <link type="text/css" href="testng-reports.css" rel="stylesheet" />
    <script type="text/javascript" src="jquery-1.7.1.min.js"></script>
    <script type="text/javascript" src="testng-reports.js"></script>
    <script type="text/javascript" src="https://www.google.com/jsapi"></script>
    <script type='text/javascript'>
      google.load('visualization', '1', {packages:['table']});
      google.setOnLoadCallback(drawTable);
      var suiteTableInitFunctions = new Array();
      var suiteTableData = new Array();
    </script>
    <!--
      <script type="text/javascript" src="jquery-ui/js/jquery-ui-1.8.16.custom.min.js"></script>
     -->
  </head>

  <body>
    <div class="top-banner-root">
      <span class="top-banner-title-font">Test results</span>
      <br/>
      <span class="top-banner-font-1">1 suite, 5 failed tests</span>
    </div> <!-- top-banner-root -->
    <div class="navigator-root">
      <div class="navigator-suite-header">
        <span>All suites</span>
        <a href="#" title="Collapse/expand all the suites" class="collapse-all-link">
          <img src="collapseall.gif" class="collapse-all-icon">
          </img> <!-- collapse-all-icon -->
        </a> <!-- collapse-all-link -->
      </div> <!-- navigator-suite-header -->
      <div class="suite">
        <div class="rounded-window">
          <div class="suite-header light-rounded-window-top">
            <a href="#" panel-name="suite-Data_Driven_Basics" class="navigator-link">
              <span class="suite-name border-failed">Data Driven Basics</span>
            </a> <!-- navigator-link -->
          </div> <!-- suite-header light-rounded-window-top -->
          <div class="navigator-suite-content">
            <div class="suite-section-title">
              <span>Info</span>
            </div> <!-- suite-section-title -->
            <div class="suite-section-content">
              <ul>
                <li>
                  <a href="#" panel-name="test-xml-Data_Driven_Basics" class="navigator-link ">
                    <span>C:\Users\sandip\eclipse-workspace\DataDrivenFramework_1\src\test\resources\runner\testng.xml</span>
                  </a> <!-- navigator-link  -->
                </li>
                <li>
                  <a href="#" panel-name="testlist-Data_Driven_Basics" class="navigator-link ">
                    <span class="test-stats">3 tests</span>
                  </a> <!-- navigator-link  -->
                </li>
                <li>
                  <a href="#" panel-name="group-Data_Driven_Basics" class="navigator-link ">
                    <span>0 groups</span>
                  </a> <!-- navigator-link  -->
                </li>
                <li>
                  <a href="#" panel-name="times-Data_Driven_Basics" class="navigator-link ">
                    <span>Times</span>
                  </a> <!-- navigator-link  -->
                </li>
                <li>
                  <a href="#" panel-name="reporter-Data_Driven_Basics" class="navigator-link ">
                    <span>Reporter output</span>
                  </a> <!-- navigator-link  -->
                </li>
                <li>
                  <a href="#" panel-name="ignored-methods-Data_Driven_Basics" class="navigator-link ">
                    <span>Ignored methods</span>
                  </a> <!-- navigator-link  -->
                </li>
                <li>
                  <a href="#" panel-name="chronological-Data_Driven_Basics" class="navigator-link ">
                    <span>Chronological view</span>
                  </a> <!-- navigator-link  -->
                </li>
              </ul>
            </div> <!-- suite-section-content -->
            <div class="result-section">
              <div class="suite-section-title">
                <span>Results</span>
              </div> <!-- suite-section-title -->
              <div class="suite-section-content">
                <ul>
                  <li>
                    <span class="method-stats">6 methods, 5 failed,  1 skipped,  </span>
                  </li>
                  <li>
                    <span class="method-list-title failed">Failed methods</span>
                    <span class="show-or-hide-methods failed">
                      <a href="#" panel-name="suite-Data_Driven_Basics" class="hide-methods failed suite-Data_Driven_Basics"> (hide)</a> <!-- hide-methods failed suite-Data_Driven_Basics -->
                      <a href="#" panel-name="suite-Data_Driven_Basics" class="show-methods failed suite-Data_Driven_Basics"> (show)</a> <!-- show-methods failed suite-Data_Driven_Basics -->
                    </span>
                    <div class="method-list-content failed suite-Data_Driven_Basics">
                      <span>
                        <img src="failed.png" width="3%"/>
                        <a href="#" panel-name="suite-Data_Driven_Basics" title="com.w2a.testcases.AddCustomerTest" class="method navigator-link" hash-for-method="addCustomerTest({alerttext=customer added successfully, postcode=wuh24bkf, lastname=arora, firstname=rahul})">addCustomerTest({alerttext=customer added successfully, postcode=wuh24bkf, lastname=arora, firstname=rahul})</a> <!-- method navigator-link -->
                      </span>
                      <br/>
                      <span>
                        <img src="failed.png" width="3%"/>
                        <a href="#" panel-name="suite-Data_Driven_Basics" title="com.w2a.testcases.AddCustomerTest" class="method navigator-link" hash-for-method="addCustomerTest({alerttext=customer added successfully, postcode=wuh24bkf, lastname=arora, firstname=raman})">addCustomerTest({alerttext=customer added successfully, postcode=wuh24bkf, lastname=arora, firstname=raman})</a> <!-- method navigator-link -->
                      </span>
                      <br/>
                      <span>
                        <img src="failed.png" width="3%"/>
                        <a href="#" panel-name="suite-Data_Driven_Basics" title="com.w2a.testcases.AddCustomerTest" class="method navigator-link" hash-for-method="addCustomerTest({alerttext=customer added successfully, postcode=wuh24bkf, lastname=sehgal, firstname=ishita})">addCustomerTest({alerttext=customer added successfully, postcode=wuh24bkf, lastname=sehgal, firstname=ishita})</a> <!-- method navigator-link -->
                      </span>
                      <br/>
                      <span>
                        <img src="failed.png" width="3%"/>
                        <a href="#" panel-name="suite-Data_Driven_Basics" title="com.w2a.testcases.AddCustomerTest" class="method navigator-link" hash-for-method="addCustomerTest({alerttext=customer added successfully, postcode=wuh24bkf, lastname=ahuja, firstname=shalini})">addCustomerTest({alerttext=customer added successfully, postcode=wuh24bkf, lastname=ahuja, firstname=shalini})</a> <!-- method navigator-link -->
                      </span>
                      <br/>
                      <span>
                        <img src="failed.png" width="3%"/>
                        <a href="#" panel-name="suite-Data_Driven_Basics" title="com.w2a.testcases.BankManagerLoginTest" class="method navigator-link" hash-for-method="bankManagerLoginTest">bankManagerLoginTest</a> <!-- method navigator-link -->
                      </span>
                      <br/>
                    </div> <!-- method-list-content failed suite-Data_Driven_Basics -->
                  </li>
                  <li>
                    <span class="method-list-title skipped">Skipped methods</span>
                    <span class="show-or-hide-methods skipped">
                      <a href="#" panel-name="suite-Data_Driven_Basics" class="hide-methods skipped suite-Data_Driven_Basics"> (hide)</a> <!-- hide-methods skipped suite-Data_Driven_Basics -->
                      <a href="#" panel-name="suite-Data_Driven_Basics" class="show-methods skipped suite-Data_Driven_Basics"> (show)</a> <!-- show-methods skipped suite-Data_Driven_Basics -->
                    </span>
                    <div class="method-list-content skipped suite-Data_Driven_Basics">
                      <span>
                        <img src="skipped.png" width="3%"/>
                        <a href="#" panel-name="suite-Data_Driven_Basics" title="com.w2a.testcases.OpenAccountTest" class="method navigator-link" hash-for-method="openAccountTest({currency=Rupee, customer=raman arora})">openAccountTest({currency=Rupee, customer=raman arora})</a> <!-- method navigator-link -->
                      </span>
                      <br/>
                    </div> <!-- method-list-content skipped suite-Data_Driven_Basics -->
                  </li>
                </ul>
              </div> <!-- suite-section-content -->
            </div> <!-- result-section -->
          </div> <!-- navigator-suite-content -->
        </div> <!-- rounded-window -->
      </div> <!-- suite -->
    </div> <!-- navigator-root -->
    <div class="wrapper">
      <div class="main-panel-root">
        <div panel-name="suite-Data_Driven_Basics" class="panel Data_Driven_Basics">
          <div class="suite-Data_Driven_Basics-class-failed">
            <div class="main-panel-header rounded-window-top">
              <img src="failed.png"/>
              <span class="class-name">com.w2a.testcases.BankManagerLoginTest</span>
            </div> <!-- main-panel-header rounded-window-top -->
            <div class="main-panel-content rounded-window-bottom">
              <div class="method">
                <div class="method-content">
                  <a name="bankManagerLoginTest">
                  </a> <!-- bankManagerLoginTest -->
                  <span class="method-name">bankManagerLoginTest</span>
                  <div class="stack-trace">org.openqa.selenium.NoSuchElementException: no such element: Unable to locate element: {&quot;method&quot;:&quot;xpath&quot;,&quot;selector&quot;:&quot;/html/body/div[3]/div/div[2]/div/div[1]/div[2]/button&quot;}
  (Session info: chrome=95.0.4638.69)
For documentation on this error, please visit: https://www.seleniumhq.org/exceptions/no_such_element.html
Build info: version: &apos;3.141.59&apos;, revision: &apos;e82be7d358&apos;, time: &apos;2018-11-14T08:17:03&apos;
System info: host: &apos;SANDY&apos;, ip: &apos;192.168.1.12&apos;, os.name: &apos;Windows 10&apos;, os.arch: &apos;amd64&apos;, os.version: &apos;10.0&apos;, java.version: &apos;16.0.1&apos;
Driver info: org.openqa.selenium.chrome.ChromeDriver
Capabilities {acceptInsecureCerts: false, browserName: chrome, browserVersion: 95.0.4638.69, chrome: {chromedriverVersion: 94.0.4606.61 (418b78f5838ed..., userDataDir: C:\Users\sandip\AppData\Loc...}, goog:chromeOptions: {debuggerAddress: localhost:65469}, javascriptEnabled: true, networkConnectionEnabled: false, pageLoadStrategy: normal, platform: WINDOWS, platformName: WINDOWS, proxy: Proxy(), setWindowRect: true, strictFileInteractability: false, timeouts: {implicit: 0, pageLoad: 300000, script: 30000}, unhandledPromptBehavior: dismiss and notify, webauthn:extension:credBlob: true, webauthn:extension:largeBlob: true, webauthn:virtualAuthenticators: true}
Session ID: 33113b49b4998ba6e2fb29fd6a8fded5
*** Element info: {Using=xpath, value=/html/body/div[3]/div/div[2]/div/div[1]/div[2]/button}
	at org.openqa.selenium.remote.http.W3CHttpResponseCodec.createException(W3CHttpResponseCodec.java:187)
	at org.openqa.selenium.remote.http.W3CHttpResponseCodec.decode(W3CHttpResponseCodec.java:122)
	at org.openqa.selenium.remote.http.W3CHttpResponseCodec.decode(W3CHttpResponseCodec.java:49)
	at org.openqa.selenium.remote.HttpCommandExecutor.execute(HttpCommandExecutor.java:158)
	at org.openqa.selenium.remote.service.DriverCommandExecutor.execute(DriverCommandExecutor.java:83)
	at org.openqa.selenium.remote.RemoteWebDriver.execute(RemoteWebDriver.java:552)
	at org.openqa.selenium.remote.RemoteWebDriver.findElement(RemoteWebDriver.java:323)
	at org.openqa.selenium.remote.RemoteWebDriver.findElementByXPath(RemoteWebDriver.java:428)
	at org.openqa.selenium.By$ByXPath.findElement(By.java:353)
	at org.openqa.selenium.remote.RemoteWebDriver.findElement(RemoteWebDriver.java:315)
	at com.w2a.base.TestBase.click(TestBase.java:132)
	at com.w2a.testcases.BankManagerLoginTest.bankManagerLoginTest(BankManagerLoginTest.java:19)
... Removed 30 stack frames
</div> <!-- stack-trace -->
                </div> <!-- method-content -->
              </div> <!-- method -->
            </div> <!-- main-panel-content rounded-window-bottom -->
          </div> <!-- suite-Data_Driven_Basics-class-failed -->
          <div class="suite-Data_Driven_Basics-class-failed">
            <div class="main-panel-header rounded-window-top">
              <img src="failed.png"/>
              <span class="class-name">com.w2a.testcases.AddCustomerTest</span>
            </div> <!-- main-panel-header rounded-window-top -->
            <div class="main-panel-content rounded-window-bottom">
              <div class="method">
                <div class="method-content">
                  <a name="addCustomerTest({alerttext=customer added successfully, postcode=wuh24bkf, lastname=arora, firstname=rahul})">
                  </a> <!-- addCustomerTest({alerttext=customer added successfully, postcode=wuh24bkf, lastname=arora, firstname=rahul}) -->
                  <span class="method-name">addCustomerTest</span>
                  <span class="parameters">({alerttext=customer added successfully, postcode=wuh24bkf, lastname=arora, firstname=rahul})</span>
                  <div class="stack-trace">org.openqa.selenium.NoSuchElementException: no such element: Unable to locate element: {&quot;method&quot;:&quot;xpath&quot;,&quot;selector&quot;:&quot;/html/body/div[3]/div/div[2]/div/div[2]/div/div/form/div[1]/input&quot;}
  (Session info: chrome=95.0.4638.69)
For documentation on this error, please visit: https://www.seleniumhq.org/exceptions/no_such_element.html
Build info: version: &apos;3.141.59&apos;, revision: &apos;e82be7d358&apos;, time: &apos;2018-11-14T08:17:03&apos;
System info: host: &apos;SANDY&apos;, ip: &apos;192.168.1.12&apos;, os.name: &apos;Windows 10&apos;, os.arch: &apos;amd64&apos;, os.version: &apos;10.0&apos;, java.version: &apos;16.0.1&apos;
Driver info: org.openqa.selenium.chrome.ChromeDriver
Capabilities {acceptInsecureCerts: false, browserName: chrome, browserVersion: 95.0.4638.69, chrome: {chromedriverVersion: 94.0.4606.61 (418b78f5838ed..., userDataDir: C:\Users\sandip\AppData\Loc...}, goog:chromeOptions: {debuggerAddress: localhost:65469}, javascriptEnabled: true, networkConnectionEnabled: false, pageLoadStrategy: normal, platform: WINDOWS, platformName: WINDOWS, proxy: Proxy(), setWindowRect: true, strictFileInteractability: false, timeouts: {implicit: 0, pageLoad: 300000, script: 30000}, unhandledPromptBehavior: dismiss and notify, webauthn:extension:credBlob: true, webauthn:extension:largeBlob: true, webauthn:virtualAuthenticators: true}
Session ID: 33113b49b4998ba6e2fb29fd6a8fded5
*** Element info: {Using=xpath, value=/html/body/div[3]/div/div[2]/div/div[2]/div/div/form/div[1]/input}
	at org.openqa.selenium.remote.http.W3CHttpResponseCodec.createException(W3CHttpResponseCodec.java:187)
	at org.openqa.selenium.remote.http.W3CHttpResponseCodec.decode(W3CHttpResponseCodec.java:122)
	at org.openqa.selenium.remote.http.W3CHttpResponseCodec.decode(W3CHttpResponseCodec.java:49)
	at org.openqa.selenium.remote.HttpCommandExecutor.execute(HttpCommandExecutor.java:158)
	at org.openqa.selenium.remote.service.DriverCommandExecutor.execute(DriverCommandExecutor.java:83)
	at org.openqa.selenium.remote.RemoteWebDriver.execute(RemoteWebDriver.java:552)
	at org.openqa.selenium.remote.RemoteWebDriver.findElement(RemoteWebDriver.java:323)
	at org.openqa.selenium.remote.RemoteWebDriver.findElementByXPath(RemoteWebDriver.java:428)
	at org.openqa.selenium.By$ByXPath.findElement(By.java:353)
	at org.openqa.selenium.remote.RemoteWebDriver.findElement(RemoteWebDriver.java:315)
	at com.w2a.base.TestBase.type(TestBase.java:150)
	at com.w2a.testcases.AddCustomerTest.addCustomerTest(AddCustomerTest.java:28)
... Removed 30 stack frames
</div> <!-- stack-trace -->
                </div> <!-- method-content -->
              </div> <!-- method -->
              <div class="method">
                <div class="method-content">
                  <a name="addCustomerTest({alerttext=customer added successfully, postcode=wuh24bkf, lastname=arora, firstname=raman})">
                  </a> <!-- addCustomerTest({alerttext=customer added successfully, postcode=wuh24bkf, lastname=arora, firstname=raman}) -->
                  <span class="method-name">addCustomerTest</span>
                  <span class="parameters">({alerttext=customer added successfully, postcode=wuh24bkf, lastname=arora, firstname=raman})</span>
                  <div class="stack-trace">org.openqa.selenium.NoSuchElementException: no such element: Unable to locate element: {&quot;method&quot;:&quot;xpath&quot;,&quot;selector&quot;:&quot;/html/body/div[3]/div/div[2]/div/div[2]/div/div/form/div[1]/input&quot;}
  (Session info: chrome=95.0.4638.69)
For documentation on this error, please visit: https://www.seleniumhq.org/exceptions/no_such_element.html
Build info: version: &apos;3.141.59&apos;, revision: &apos;e82be7d358&apos;, time: &apos;2018-11-14T08:17:03&apos;
System info: host: &apos;SANDY&apos;, ip: &apos;192.168.1.12&apos;, os.name: &apos;Windows 10&apos;, os.arch: &apos;amd64&apos;, os.version: &apos;10.0&apos;, java.version: &apos;16.0.1&apos;
Driver info: org.openqa.selenium.chrome.ChromeDriver
Capabilities {acceptInsecureCerts: false, browserName: chrome, browserVersion: 95.0.4638.69, chrome: {chromedriverVersion: 94.0.4606.61 (418b78f5838ed..., userDataDir: C:\Users\sandip\AppData\Loc...}, goog:chromeOptions: {debuggerAddress: localhost:65469}, javascriptEnabled: true, networkConnectionEnabled: false, pageLoadStrategy: normal, platform: WINDOWS, platformName: WINDOWS, proxy: Proxy(), setWindowRect: true, strictFileInteractability: false, timeouts: {implicit: 0, pageLoad: 300000, script: 30000}, unhandledPromptBehavior: dismiss and notify, webauthn:extension:credBlob: true, webauthn:extension:largeBlob: true, webauthn:virtualAuthenticators: true}
Session ID: 33113b49b4998ba6e2fb29fd6a8fded5
*** Element info: {Using=xpath, value=/html/body/div[3]/div/div[2]/div/div[2]/div/div/form/div[1]/input}
	at org.openqa.selenium.remote.http.W3CHttpResponseCodec.createException(W3CHttpResponseCodec.java:187)
	at org.openqa.selenium.remote.http.W3CHttpResponseCodec.decode(W3CHttpResponseCodec.java:122)
	at org.openqa.selenium.remote.http.W3CHttpResponseCodec.decode(W3CHttpResponseCodec.java:49)
	at org.openqa.selenium.remote.HttpCommandExecutor.execute(HttpCommandExecutor.java:158)
	at org.openqa.selenium.remote.service.DriverCommandExecutor.execute(DriverCommandExecutor.java:83)
	at org.openqa.selenium.remote.RemoteWebDriver.execute(RemoteWebDriver.java:552)
	at org.openqa.selenium.remote.RemoteWebDriver.findElement(RemoteWebDriver.java:323)
	at org.openqa.selenium.remote.RemoteWebDriver.findElementByXPath(RemoteWebDriver.java:428)
	at org.openqa.selenium.By$ByXPath.findElement(By.java:353)
	at org.openqa.selenium.remote.RemoteWebDriver.findElement(RemoteWebDriver.java:315)
	at com.w2a.base.TestBase.type(TestBase.java:150)
	at com.w2a.testcases.AddCustomerTest.addCustomerTest(AddCustomerTest.java:28)
... Removed 30 stack frames
</div> <!-- stack-trace -->
                </div> <!-- method-content -->
              </div> <!-- method -->
              <div class="method">
                <div class="method-content">
                  <a name="addCustomerTest({alerttext=customer added successfully, postcode=wuh24bkf, lastname=sehgal, firstname=ishita})">
                  </a> <!-- addCustomerTest({alerttext=customer added successfully, postcode=wuh24bkf, lastname=sehgal, firstname=ishita}) -->
                  <span class="method-name">addCustomerTest</span>
                  <span class="parameters">({alerttext=customer added successfully, postcode=wuh24bkf, lastname=sehgal, firstname=ishita})</span>
                  <div class="stack-trace">org.openqa.selenium.NoSuchElementException: no such element: Unable to locate element: {&quot;method&quot;:&quot;xpath&quot;,&quot;selector&quot;:&quot;/html/body/div[3]/div/div[2]/div/div[2]/div/div/form/div[1]/input&quot;}
  (Session info: chrome=95.0.4638.69)
For documentation on this error, please visit: https://www.seleniumhq.org/exceptions/no_such_element.html
Build info: version: &apos;3.141.59&apos;, revision: &apos;e82be7d358&apos;, time: &apos;2018-11-14T08:17:03&apos;
System info: host: &apos;SANDY&apos;, ip: &apos;192.168.1.12&apos;, os.name: &apos;Windows 10&apos;, os.arch: &apos;amd64&apos;, os.version: &apos;10.0&apos;, java.version: &apos;16.0.1&apos;
Driver info: org.openqa.selenium.chrome.ChromeDriver
Capabilities {acceptInsecureCerts: false, browserName: chrome, browserVersion: 95.0.4638.69, chrome: {chromedriverVersion: 94.0.4606.61 (418b78f5838ed..., userDataDir: C:\Users\sandip\AppData\Loc...}, goog:chromeOptions: {debuggerAddress: localhost:65469}, javascriptEnabled: true, networkConnectionEnabled: false, pageLoadStrategy: normal, platform: WINDOWS, platformName: WINDOWS, proxy: Proxy(), setWindowRect: true, strictFileInteractability: false, timeouts: {implicit: 0, pageLoad: 300000, script: 30000}, unhandledPromptBehavior: dismiss and notify, webauthn:extension:credBlob: true, webauthn:extension:largeBlob: true, webauthn:virtualAuthenticators: true}
Session ID: 33113b49b4998ba6e2fb29fd6a8fded5
*** Element info: {Using=xpath, value=/html/body/div[3]/div/div[2]/div/div[2]/div/div/form/div[1]/input}
	at org.openqa.selenium.remote.http.W3CHttpResponseCodec.createException(W3CHttpResponseCodec.java:187)
	at org.openqa.selenium.remote.http.W3CHttpResponseCodec.decode(W3CHttpResponseCodec.java:122)
	at org.openqa.selenium.remote.http.W3CHttpResponseCodec.decode(W3CHttpResponseCodec.java:49)
	at org.openqa.selenium.remote.HttpCommandExecutor.execute(HttpCommandExecutor.java:158)
	at org.openqa.selenium.remote.service.DriverCommandExecutor.execute(DriverCommandExecutor.java:83)
	at org.openqa.selenium.remote.RemoteWebDriver.execute(RemoteWebDriver.java:552)
	at org.openqa.selenium.remote.RemoteWebDriver.findElement(RemoteWebDriver.java:323)
	at org.openqa.selenium.remote.RemoteWebDriver.findElementByXPath(RemoteWebDriver.java:428)
	at org.openqa.selenium.By$ByXPath.findElement(By.java:353)
	at org.openqa.selenium.remote.RemoteWebDriver.findElement(RemoteWebDriver.java:315)
	at com.w2a.base.TestBase.type(TestBase.java:150)
	at com.w2a.testcases.AddCustomerTest.addCustomerTest(AddCustomerTest.java:28)
... Removed 30 stack frames
</div> <!-- stack-trace -->
                </div> <!-- method-content -->
              </div> <!-- method -->
              <div class="method">
                <div class="method-content">
                  <a name="addCustomerTest({alerttext=customer added successfully, postcode=wuh24bkf, lastname=ahuja, firstname=shalini})">
                  </a> <!-- addCustomerTest({alerttext=customer added successfully, postcode=wuh24bkf, lastname=ahuja, firstname=shalini}) -->
                  <span class="method-name">addCustomerTest</span>
                  <span class="parameters">({alerttext=customer added successfully, postcode=wuh24bkf, lastname=ahuja, firstname=shalini})</span>
                  <div class="stack-trace">org.openqa.selenium.NoSuchElementException: no such element: Unable to locate element: {&quot;method&quot;:&quot;xpath&quot;,&quot;selector&quot;:&quot;/html/body/div[3]/div/div[2]/div/div[2]/div/div/form/div[1]/input&quot;}
  (Session info: chrome=95.0.4638.69)
For documentation on this error, please visit: https://www.seleniumhq.org/exceptions/no_such_element.html
Build info: version: &apos;3.141.59&apos;, revision: &apos;e82be7d358&apos;, time: &apos;2018-11-14T08:17:03&apos;
System info: host: &apos;SANDY&apos;, ip: &apos;192.168.1.12&apos;, os.name: &apos;Windows 10&apos;, os.arch: &apos;amd64&apos;, os.version: &apos;10.0&apos;, java.version: &apos;16.0.1&apos;
Driver info: org.openqa.selenium.chrome.ChromeDriver
Capabilities {acceptInsecureCerts: false, browserName: chrome, browserVersion: 95.0.4638.69, chrome: {chromedriverVersion: 94.0.4606.61 (418b78f5838ed..., userDataDir: C:\Users\sandip\AppData\Loc...}, goog:chromeOptions: {debuggerAddress: localhost:65469}, javascriptEnabled: true, networkConnectionEnabled: false, pageLoadStrategy: normal, platform: WINDOWS, platformName: WINDOWS, proxy: Proxy(), setWindowRect: true, strictFileInteractability: false, timeouts: {implicit: 0, pageLoad: 300000, script: 30000}, unhandledPromptBehavior: dismiss and notify, webauthn:extension:credBlob: true, webauthn:extension:largeBlob: true, webauthn:virtualAuthenticators: true}
Session ID: 33113b49b4998ba6e2fb29fd6a8fded5
*** Element info: {Using=xpath, value=/html/body/div[3]/div/div[2]/div/div[2]/div/div/form/div[1]/input}
	at org.openqa.selenium.remote.http.W3CHttpResponseCodec.createException(W3CHttpResponseCodec.java:187)
	at org.openqa.selenium.remote.http.W3CHttpResponseCodec.decode(W3CHttpResponseCodec.java:122)
	at org.openqa.selenium.remote.http.W3CHttpResponseCodec.decode(W3CHttpResponseCodec.java:49)
	at org.openqa.selenium.remote.HttpCommandExecutor.execute(HttpCommandExecutor.java:158)
	at org.openqa.selenium.remote.service.DriverCommandExecutor.execute(DriverCommandExecutor.java:83)
	at org.openqa.selenium.remote.RemoteWebDriver.execute(RemoteWebDriver.java:552)
	at org.openqa.selenium.remote.RemoteWebDriver.findElement(RemoteWebDriver.java:323)
	at org.openqa.selenium.remote.RemoteWebDriver.findElementByXPath(RemoteWebDriver.java:428)
	at org.openqa.selenium.By$ByXPath.findElement(By.java:353)
	at org.openqa.selenium.remote.RemoteWebDriver.findElement(RemoteWebDriver.java:315)
	at com.w2a.base.TestBase.type(TestBase.java:150)
	at com.w2a.testcases.AddCustomerTest.addCustomerTest(AddCustomerTest.java:28)
... Removed 30 stack frames
</div> <!-- stack-trace -->
                </div> <!-- method-content -->
              </div> <!-- method -->
            </div> <!-- main-panel-content rounded-window-bottom -->
          </div> <!-- suite-Data_Driven_Basics-class-failed -->
          <div class="suite-Data_Driven_Basics-class-skipped">
            <div class="main-panel-header rounded-window-top">
              <img src="skipped.png"/>
              <span class="class-name">com.w2a.testcases.OpenAccountTest</span>
            </div> <!-- main-panel-header rounded-window-top -->
            <div class="main-panel-content rounded-window-bottom">
              <div class="method">
                <div class="method-content">
                  <a name="openAccountTest({currency=Rupee, customer=raman arora})">
                  </a> <!-- openAccountTest({currency=Rupee, customer=raman arora}) -->
                  <span class="method-name">openAccountTest</span>
                  <span class="parameters">({currency=Rupee, customer=raman arora})</span>
                  <div class="stack-trace">org.testng.SkipException: 
	at com.w2a.listeners.CustomListeners.onTestStart(CustomListeners.java:38)
... Removed 22 stack frames
</div> <!-- stack-trace -->
                </div> <!-- method-content -->
              </div> <!-- method -->
            </div> <!-- main-panel-content rounded-window-bottom -->
          </div> <!-- suite-Data_Driven_Basics-class-skipped -->
        </div> <!-- panel Data_Driven_Basics -->
        <div panel-name="test-xml-Data_Driven_Basics" class="panel">
          <div class="main-panel-header rounded-window-top">
            <span class="header-content">C:\Users\sandip\eclipse-workspace\DataDrivenFramework_1\src\test\resources\runner\testng.xml</span>
          </div> <!-- main-panel-header rounded-window-top -->
          <div class="main-panel-content rounded-window-bottom">
            <pre>
&lt;?xml version=&quot;1.0&quot; encoding=&quot;UTF-8&quot;?&gt;
&lt;!DOCTYPE suite SYSTEM &quot;http://testng.org/testng-1.0.dtd&quot;&gt;
&lt;suite name=&quot;Data Driven Basics&quot; guice-stage=&quot;DEVELOPMENT&quot;&gt;
  &lt;listeners&gt;
    &lt;listener class-name=&quot;org.uncommons.reportng.HTMLReporter&quot;/&gt;
    &lt;listener class-name=&quot;org.uncommons.reportng.JUnitXMLReporter&quot;/&gt;
    &lt;listener class-name=&quot;com.w2a.listeners.CustomListeners&quot;/&gt;
  &lt;/listeners&gt;
  &lt;test thread-count=&quot;5&quot; name=&quot;Login-Test&quot;&gt;
    &lt;classes&gt;
      &lt;class name=&quot;com.w2a.testcases.BankManagerLoginTest&quot;/&gt;
    &lt;/classes&gt;
  &lt;/test&gt; &lt;!-- Login-Test --&gt;
  &lt;test thread-count=&quot;5&quot; name=&quot;Add-Customer_Test&quot;&gt;
    &lt;classes&gt;
      &lt;class name=&quot;com.w2a.testcases.AddCustomerTest&quot;/&gt;
    &lt;/classes&gt;
  &lt;/test&gt; &lt;!-- Add-Customer_Test --&gt;
  &lt;test thread-count=&quot;5&quot; name=&quot;Open-Customer_Test&quot;&gt;
    &lt;classes&gt;
      &lt;class name=&quot;com.w2a.testcases.OpenAccountTest&quot;/&gt;
    &lt;/classes&gt;
  &lt;/test&gt; &lt;!-- Open-Customer_Test --&gt;
&lt;/suite&gt; &lt;!-- Data Driven Basics --&gt;
            </pre>
          </div> <!-- main-panel-content rounded-window-bottom -->
        </div> <!-- panel -->
        <div panel-name="testlist-Data_Driven_Basics" class="panel">
          <div class="main-panel-header rounded-window-top">
            <span class="header-content">Tests for Data Driven Basics</span>
          </div> <!-- main-panel-header rounded-window-top -->
          <div class="main-panel-content rounded-window-bottom">
            <ul>
              <li>
                <span class="test-name">Login-Test (1 class)</span>
              </li>
              <li>
                <span class="test-name">Add-Customer_Test (1 class)</span>
              </li>
              <li>
                <span class="test-name">Open-Customer_Test (1 class)</span>
              </li>
            </ul>
          </div> <!-- main-panel-content rounded-window-bottom -->
        </div> <!-- panel -->
        <div panel-name="group-Data_Driven_Basics" class="panel">
          <div class="main-panel-header rounded-window-top">
            <span class="header-content">Groups for Data Driven Basics</span>
          </div> <!-- main-panel-header rounded-window-top -->
          <div class="main-panel-content rounded-window-bottom">
          </div> <!-- main-panel-content rounded-window-bottom -->
        </div> <!-- panel -->
        <div panel-name="times-Data_Driven_Basics" class="panel">
          <div class="main-panel-header rounded-window-top">
            <span class="header-content">Times for Data Driven Basics</span>
          </div> <!-- main-panel-header rounded-window-top -->
          <div class="main-panel-content rounded-window-bottom">
            <div class="times-div">
              <script type="text/javascript">
suiteTableInitFunctions.push('tableData_Data_Driven_Basics');
function tableData_Data_Driven_Basics() {
var data = new google.visualization.DataTable();
data.addColumn('number', 'Number');
data.addColumn('string', 'Method');
data.addColumn('string', 'Class');
data.addColumn('number', 'Time (ms)');
data.addRows(6);
data.setCell(0, 0, 0)
data.setCell(0, 1, 'addCustomerTest')
data.setCell(0, 2, 'com.w2a.testcases.AddCustomerTest')
data.setCell(0, 3, 10698);
data.setCell(1, 0, 1)
data.setCell(1, 1, 'addCustomerTest')
data.setCell(1, 2, 'com.w2a.testcases.AddCustomerTest')
data.setCell(1, 3, 10180);
data.setCell(2, 0, 2)
data.setCell(2, 1, 'addCustomerTest')
data.setCell(2, 2, 'com.w2a.testcases.AddCustomerTest')
data.setCell(2, 3, 10167);
data.setCell(3, 0, 3)
data.setCell(3, 1, 'addCustomerTest')
data.setCell(3, 2, 'com.w2a.testcases.AddCustomerTest')
data.setCell(3, 3, 10135);
data.setCell(4, 0, 4)
data.setCell(4, 1, 'bankManagerLoginTest')
data.setCell(4, 2, 'com.w2a.testcases.BankManagerLoginTest')
data.setCell(4, 3, 10067);
data.setCell(5, 0, 5)
data.setCell(5, 1, 'openAccountTest')
data.setCell(5, 2, 'com.w2a.testcases.OpenAccountTest')
data.setCell(5, 3, 2);
window.suiteTableData['Data_Driven_Basics']= { tableData: data, tableDiv: 'times-div-Data_Driven_Basics'}
return data;
}
              </script>
              <span class="suite-total-time">Total running time: 51 seconds</span>
              <div id="times-div-Data_Driven_Basics">
              </div> <!-- times-div-Data_Driven_Basics -->
            </div> <!-- times-div -->
          </div> <!-- main-panel-content rounded-window-bottom -->
        </div> <!-- panel -->
        <div panel-name="reporter-Data_Driven_Basics" class="panel">
          <div class="main-panel-header rounded-window-top">
            <span class="header-content">Reporter output for Data Driven Basics</span>
          </div> <!-- main-panel-header rounded-window-top -->
          <div class="main-panel-content rounded-window-bottom">
            <div class="reporter-method-div">
              <span class="reporter-method-name">bankManagerLoginTest</span>
              <div class="reporter-method-output-div">
                <span class="reporter-method-output">Click image below to see failed test Screenshot:-</span>
                <span class="reporter-method-output"><br></span>
                <span class="reporter-method-output"><br></span>
                <span class="reporter-method-output"><a target="_blank" href=Thu_Nov_18_03_50_24_IST_2021.jpg><img src=Thu_Nov_18_03_50_24_IST_2021.jpg height=200 width=200></img></a></span>
              </div> <!-- reporter-method-output-div -->
            </div> <!-- reporter-method-div -->
            <div class="reporter-method-div">
              <span class="reporter-method-name">addCustomerTest({alerttext=customer added successfully, postcode=wuh24bkf, lastname=arora, firstname=rahul})</span>
              <div class="reporter-method-output-div">
                <span class="reporter-method-output">Click image below to see failed test Screenshot:-</span>
                <span class="reporter-method-output"><br></span>
                <span class="reporter-method-output"><br></span>
                <span class="reporter-method-output"><a target="_blank" href=Thu_Nov_18_03_50_46_IST_2021.jpg><img src=Thu_Nov_18_03_50_46_IST_2021.jpg height=200 width=200></img></a></span>
              </div> <!-- reporter-method-output-div -->
            </div> <!-- reporter-method-div -->
            <div class="reporter-method-div">
              <span class="reporter-method-name">addCustomerTest({alerttext=customer added successfully, postcode=wuh24bkf, lastname=arora, firstname=raman})</span>
              <div class="reporter-method-output-div">
                <span class="reporter-method-output">Click image below to see failed test Screenshot:-</span>
                <span class="reporter-method-output"><br></span>
                <span class="reporter-method-output"><br></span>
                <span class="reporter-method-output"><a target="_blank" href=Thu_Nov_18_03_50_35_IST_2021.jpg><img src=Thu_Nov_18_03_50_35_IST_2021.jpg height=200 width=200></img></a></span>
              </div> <!-- reporter-method-output-div -->
            </div> <!-- reporter-method-div -->
            <div class="reporter-method-div">
              <span class="reporter-method-name">addCustomerTest({alerttext=customer added successfully, postcode=wuh24bkf, lastname=sehgal, firstname=ishita})</span>
              <div class="reporter-method-output-div">
                <span class="reporter-method-output">Click image below to see failed test Screenshot:-</span>
                <span class="reporter-method-output"><br></span>
                <span class="reporter-method-output"><br></span>
                <span class="reporter-method-output"><a target="_blank" href=Thu_Nov_18_03_51_06_IST_2021.jpg><img src=Thu_Nov_18_03_51_06_IST_2021.jpg height=200 width=200></img></a></span>
              </div> <!-- reporter-method-output-div -->
            </div> <!-- reporter-method-div -->
            <div class="reporter-method-div">
              <span class="reporter-method-name">addCustomerTest({alerttext=customer added successfully, postcode=wuh24bkf, lastname=ahuja, firstname=shalini})</span>
              <div class="reporter-method-output-div">
                <span class="reporter-method-output">Click image below to see failed test Screenshot:-</span>
                <span class="reporter-method-output"><br></span>
                <span class="reporter-method-output"><br></span>
                <span class="reporter-method-output"><a target="_blank" href=Thu_Nov_18_03_50_56_IST_2021.jpg><img src=Thu_Nov_18_03_50_56_IST_2021.jpg height=200 width=200></img></a></span>
              </div> <!-- reporter-method-output-div -->
            </div> <!-- reporter-method-div -->
          </div> <!-- main-panel-content rounded-window-bottom -->
        </div> <!-- panel -->
        <div panel-name="ignored-methods-Data_Driven_Basics" class="panel">
          <div class="main-panel-header rounded-window-top">
            <span class="header-content">0 ignored methods</span>
          </div> <!-- main-panel-header rounded-window-top -->
          <div class="main-panel-content rounded-window-bottom">
          </div> <!-- main-panel-content rounded-window-bottom -->
        </div> <!-- panel -->
        <div panel-name="chronological-Data_Driven_Basics" class="panel">
          <div class="main-panel-header rounded-window-top">
            <span class="header-content">Methods in chronological order</span>
          </div> <!-- main-panel-header rounded-window-top -->
          <div class="main-panel-content rounded-window-bottom">
            <div class="chronological-class">
              <div class="chronological-class-name">com.w2a.testcases.OpenAccountTest</div> <!-- chronological-class-name -->
              <div class="configuration-suite before">
                <span class="method-name">setUp</span>
                <span class="method-start">0 ms</span>
              </div> <!-- configuration-suite before -->
            </div> <!-- chronological-class -->
            <div class="chronological-class">
              <div class="chronological-class-name">com.w2a.testcases.BankManagerLoginTest</div> <!-- chronological-class-name -->
              <div class="test-method">
                <img src="failed.png">
                </img>
                <span class="method-name">bankManagerLoginTest</span>
                <span class="method-start">3619 ms</span>
              </div> <!-- test-method -->
            </div> <!-- chronological-class -->
            <div class="chronological-class">
              <div class="chronological-class-name">com.w2a.testcases.AddCustomerTest</div> <!-- chronological-class-name -->
              <div class="test-method">
                <img src="failed.png">
                </img>
                <span class="method-name">addCustomerTest({alerttext=customer added successfully, postcode=wuh24bkf, lastname=arora, firstname=raman})</span>
                <span class="method-start">14110 ms</span>
              </div> <!-- test-method -->
              <div class="test-method">
                <img src="failed.png">
                </img>
                <span class="method-name">addCustomerTest({alerttext=customer added successfully, postcode=wuh24bkf, lastname=arora, firstname=rahul})</span>
                <span class="method-start">25010 ms</span>
              </div> <!-- test-method -->
              <div class="test-method">
                <img src="failed.png">
                </img>
                <span class="method-name">addCustomerTest({alerttext=customer added successfully, postcode=wuh24bkf, lastname=ahuja, firstname=shalini})</span>
                <span class="method-start">35414 ms</span>
              </div> <!-- test-method -->
              <div class="test-method">
                <img src="failed.png">
                </img>
                <span class="method-name">addCustomerTest({alerttext=customer added successfully, postcode=wuh24bkf, lastname=sehgal, firstname=ishita})</span>
                <span class="method-start">45739 ms</span>
              </div> <!-- test-method -->
            </div> <!-- chronological-class -->
            <div class="chronological-class">
              <div class="chronological-class-name">com.w2a.testcases.OpenAccountTest</div> <!-- chronological-class-name -->
              <div class="configuration-suite after">
                <span class="method-name">tearDown</span>
                <span class="method-start">56179 ms</span>
              </div> <!-- configuration-suite after -->
          </div> <!-- main-panel-content rounded-window-bottom -->
        </div> <!-- panel -->
      </div> <!-- main-panel-root -->
    </div> <!-- wrapper -->
  </body>
</html>
